
Gurobi 8.1.1 (mac64) logging started Tue Jul 23 11:30:17 2019

Academic license - for non-commercial use only

Gurobi Optimizer version 8.1.1 build v8.1.1rc0 (mac64)
Copyright (c) 2019, Gurobi Optimization, LLC

Read LP format model from file Rlistfile.lp
Reading time = 0.06 seconds
: 3215 rows, 19746 columns, 84633 nonzeros
Optimize a model with 3215 rows, 19746 columns and 84633 nonzeros
Variable types: 1 continuous, 19745 integer (19745 binary)
Coefficient statistics:
  Matrix range     [1e+00, 1e+00]
  Objective range  [1e+00, 1e+00]
  Bounds range     [1e+00, 1e+00]
  RHS range        [1e+00, 5e+00]
Presolve removed 25 rows and 3168 columns
Presolve time: 0.11s
Presolved: 3190 rows, 16578 columns, 72829 nonzeros
Variable types: 0 continuous, 16578 integer (16577 binary)

Root simplex log...

Iteration    Objective       Primal Inf.    Dual Inf.      Time
   12870    5.0001630e+00   6.030322e+02   0.000000e+00      5s
   21002    5.0002048e+00   2.568267e+02   0.000000e+00     10s
   24868    5.0000000e+00   0.000000e+00   0.000000e+00     12s

Root relaxation: objective 5.000000e+00, 24868 iterations, 12.23 seconds
Total elapsed time = 20.83s
Total elapsed time = 39.05s

    Nodes    |    Current Node    |     Objective Bounds      |     Work
 Expl Unexpl |  Obj  Depth IntInf | Incumbent    BestBd   Gap | It/Node Time

     0     0    5.00000    0  848          -    5.00000      -     -   49s
     0     0    5.00000    0  873          -    5.00000      -     -   51s
     0     0    5.00000    0  915          -    5.00000      -     -   52s
     0     0    5.00000    0  396          -    5.00000      -     -   76s
     0     0    5.00000    0  342          -    5.00000      -     -   93s
     0     0    5.00000    0  367          -    5.00000      -     -  106s
     0     0    5.00000    0  351          -    5.00000      -     -  126s
     0     0    5.00000    0  380          -    5.00000      -     -  142s
     0     0    5.00000    0  380          -    5.00000      -     -  156s
     0     0    5.00000    0  307          -    5.00000      -     -  165s
     0     2    5.00000    0  307          -    5.00000      -     -  232s
     1     4    5.00000    1  354          -    5.00000      - 29963  236s
     3     6    5.00000    2  741          -    5.00000      - 15162  242s
     5     8    5.00000    2  669          -    5.00000      - 11207  247s
     9    12    5.00000    3  706          -    5.00000      -  7744  253s
    11    10    5.00000    4  790          -    5.00000      -  7763  258s
    13    16    5.00000    4  826          -    5.00000      -  7293  262s
    15    14    5.00000    5  466          -    5.00000      -  7585  282s
    17    18    5.00000    6  693          -    5.00000      -  9963  303s
    22    21    5.00000    8  836          -    5.00000      - 10717  334s
    30    35    5.00000   10  452          -    5.00000      - 13936  377s
    39    39    5.00000   12  609          -    5.00000      - 14085  432s
    58    59    5.01577   20  592          -    5.00000      - 13345  514s
    81    80    5.53487   26 1129          -    5.00000      - 13653  623s
   119   120    6.00000   36  456          -    5.00000      - 12620  724s
   181   179    6.16339   56 1096          -    5.00000      - 10790  812s
H  245   196                      11.0000000    5.00000  54.5%  9393  812s
   256   224    6.56775   67 1131   11.00000    5.00000  54.5%  9297  880s
H  282   190                       9.0000000    5.00000  44.4%  8862  880s
   313   227    5.00000    4  778    9.00000    5.00000  44.4%  8675  947s
   353   251    5.72120    9 1387    9.00000    5.00000  44.4%  8700 1019s
   375   278    5.00000   12  765    9.00000    5.00000  44.4%  9022 1097s
   428   315    6.13311   20  997    9.00000    5.00000  44.4%  8719 1183s
   572   434    7.38292   18  493    9.00000    5.00000  44.4%  7258 1246s
   757   495    6.72260   12  307    9.00000    5.00000  44.4%  5968 1256s
   759   496    6.00000   44  570    9.00000    5.00000  44.4%  5952 1272s
   760   497    5.92777   29  563    9.00000    5.00000  44.4%  5945 1288s
   761   498    6.55546   43  608    9.00000    5.00000  44.4%  5937 1307s
   762   498    5.74988   22  448    9.00000    5.00000  44.4%  5929 1325s
   763   499    5.06058   15  539    9.00000    5.00000  44.4%  5921 1341s
   764   500    8.00000   85  519    9.00000    5.00000  44.4%  5913 1354s
   765   500    5.56242   13  402    9.00000    5.00000  44.4%  5906 1369s
   766   501    6.09722   14  421    9.00000    5.00000  44.4%  5898 1377s
   767   502    5.85541   17  479    9.00000    5.00000  44.4%  5890 1395s
   768   502    6.16462   57  733    9.00000    5.00000  44.4%  5883 1418s
   769   503    8.00000   87  543    9.00000    5.00000  44.4%  5875 1436s
   770   504    6.81047   19  543    9.00000    5.00000  44.4%  5867 1442s
   771   507    5.00000   13  482    9.00000    5.00000  44.4%   621 1493s
   773   509    5.00000   14  865    9.00000    5.00000  44.4%   630 1528s
   775   510    5.00000   14  798    9.00000    5.00000  44.4%   640 1553s
   777   511    5.00000   15  671    9.00000    5.00000  44.4%   650 1578s
   779   513    5.00000   15  801    9.00000    5.00000  44.4%   667 1623s
   781   514    5.00000   16  691    9.00000    5.00000  44.4%   675 1635s
   783   513    5.11721   16  813    9.00000    5.00000  44.4%   712 1666s
   785   511    5.00000   17  655    9.00000    5.00000  44.4%   739 1680s
   787   515    5.00000   17  600    9.00000    5.00000  44.4%   749 1697s
   789   512    5.00000   18  680    9.00000    5.00000  44.4%   764 1721s
   792   515    5.00000   18  532    9.00000    5.00000  44.4%   790 1771s
   804   521    5.00000   21  626    9.00000    5.00000  44.4%   851 1837s
   830   535    5.00000   27  623    9.00000    5.00000  44.4%   968 1929s
   906   547    5.00000   39  619    9.00000    5.00000  44.4%  1193 2011s
  1002   576    5.00000   53  525    9.00000    5.00000  44.4%  1395 2073s
  1115   600    5.00000   71  438    9.00000    5.00000  44.4%  1548 2123s
  1230   629 infeasible   89         9.00000    5.00000  44.4%  1650 2171s
  1300   650 infeasible  109         9.00000    5.00000  44.4%  1753 2245s
* 1301   609             110       8.0000000    5.00000  37.5%  1754 2245s
  1313   594    7.00000   95  730    8.00000    5.00000  37.5%  1770 2293s
  1458   636 infeasible  101         8.00000    5.00000  37.5%  1758 2336s
  1569   665    7.00000   92  544    8.00000    5.00000  37.5%  1763 2379s
* 1669   364             118       7.0000000    5.00000  28.6%  1755 2379s
  1702   343     cutoff   81         7.00000    5.00000  28.6%  1754 2419s
  1856   386    6.00000  102  307    7.00000    5.00000  28.6%  1725 2424s
  1858   387    5.08827   38  503    7.00000    5.00000  28.6%  1723 2434s
  1859   388    5.09057   48  625    7.00000    5.00000  28.6%  1722 2438s
  1861   389    6.00000   86  504    7.00000    5.00000  28.6%  1721 2451s
  1862   390    5.01198   31  557    7.00000    5.00000  28.6%  1720 2457s
  1863   391    6.00000   36  490    7.00000    5.00000  28.6%  1719 2464s
  1864   391    6.00000   74  103    7.00000    5.00000  28.6%  1718 2473s
  1865   392    6.00000   24  651    7.00000    5.00000  28.6%  1717 2481s
  1866   393    6.00000   44  646    7.00000    5.00000  28.6%  1716 2486s
  1867   393    5.01649   95  666    7.00000    5.00000  28.6%  1715 2495s
  1868   394    5.20635   45  659    7.00000    5.00000  28.6%  1714 2503s
  1869   395    5.13630   49  561    7.00000    5.00000  28.6%  1713 2514s
  1870   395    5.00000   21  561    7.00000    5.00000  28.6%  1712 2516s
  1871   396    5.06549   37  561    7.00000    5.00000  28.6%  1711 2521s
  1872   400    5.00000   25  781    7.00000    5.00000  28.6%  1874 2549s
  1874   401    5.00000   26  775    7.00000    5.00000  28.6%  1875 2565s
  1876   402    5.00000   26  707    7.00000    5.00000  28.6%  1877 2588s
  1878   404    5.00000   27  679    7.00000    5.00000  28.6%  1878 2602s
  1880   405    5.00000   27  657    7.00000    5.00000  28.6%  1879 2619s
  1882   405    5.00000   28  701    7.00000    5.00000  28.6%  1880 2633s
  1884   406    5.00000   28  653    7.00000    5.00000  28.6%  1885 2641s
  1886   403    5.00000   29  714    7.00000    5.00000  28.6%  1890 2655s
  1888   405    5.01409   29  729    7.00000    5.00000  28.6%  1900 2666s
  1890   407    5.00000   30  708    7.00000    5.00000  28.6%  1901 2689s
  1896   407    5.00000   31  715    7.00000    5.00000  28.6%  1909 2725s
  1910   407    5.03481   33  594    7.00000    5.00000  28.6%  1931 2762s
  1922   402    5.00000   36  628    7.00000    5.00000  28.6%  1938 2800s
  1956   405    6.00000   43  631    7.00000    5.00000  28.6%  1986 2842s
  1979   406 infeasible   46         7.00000    5.00000  28.6%  2013 2876s
  2008   395    5.00000   31  580    7.00000    5.00000  28.6%  2024 2921s
  2031   404    6.00000   37  598    7.00000    5.00000  28.6%  2049 2991s
  2128   437    6.00000   45  503    7.00000    5.00000  28.6%  2056 3059s
  2240   436    6.00000   35  535    7.00000    5.00000  28.6%  2113 3115s
  2331   407 infeasible  112         7.00000    5.00000  28.6%  2187 3168s
  2402   372    6.00000  110  481    7.00000    5.00000  28.6%  2230 3223s
  2486   338 infeasible   68         7.00000    5.00000  28.6%  2272 3283s
  2556   325     cutoff   94         7.00000    5.00000  28.6%  2319 3341s
  2631   335    6.00000   46  505    7.00000    5.00000  28.6%  2329 3402s
  2761   362    5.00000   71  540    7.00000    5.00000  28.6%  2318 3464s
  2846   353     cutoff   47         7.00000    5.00000  28.6%  2334 3521s
  2919   330 infeasible   85         7.00000    5.00000  28.6%  2375 3584s
  3025   310    5.00000   63  592    7.00000    5.00000  28.6%  2396 3647s
  3110   307    5.96842   95  544    7.00000    5.00000  28.6%  2445 3713s
  3201   319 infeasible   54         7.00000    5.00000  28.6%  2480 3781s
  3341   385    5.00000   96  617    7.00000    5.00000  28.6%  2482 3853s
  3495   447 infeasible  129         7.00000    5.00000  28.6%  2475 3928s
* 3566   239             124       6.0000000    5.00000  16.7%  2478 3928s
  3644   247    5.00000  116  307    6.00000    5.00000  16.7%  2491 3932s
  3646   248    5.00000   74  607    6.00000    5.00000  16.7%  2490 3938s
  3647   249    5.00000   92  472    6.00000    5.00000  16.7%  2489 3943s
  3648   250    5.00000  100  513    6.00000    5.00000  16.7%  2488 3948s
  3649   250    5.00000   77  482    6.00000    5.00000  16.7%  2488 3952s
  3650   251    5.00000   57  455    6.00000    5.00000  16.7%  2487 3957s
  3652   252    5.00000   54  461    6.00000    5.00000  16.7%  2486 3961s
  3653   253    5.00000   64  299    6.00000    5.00000  16.7%  2485 3967s
  3654   254    5.00000   97  466    6.00000    5.00000  16.7%  2484 3973s
  3655   254    5.00000   30  466    6.00000    5.00000  16.7%  2484 3976s
  3657   257    5.00000   34  336    6.00000    5.00000  16.7%  2537 3988s
  3659   258    5.00000   35  766    6.00000    5.00000  16.7%  2539 4000s
  3661   259    5.00000   36  791    6.00000    5.00000  16.7%  2539 4010s
  3663   261    5.00000   36  692    6.00000    5.00000  16.7%  2539 4021s
  3665   262    5.00000   37  741    6.00000    5.00000  16.7%  2540 4030s
  3667   263    5.00000   37  515    6.00000    5.00000  16.7%  2540 4037s
  3669   265    5.00000   38  725    6.00000    5.00000  16.7%  2542 4048s
  3671   266    5.00000   38  576    6.00000    5.00000  16.7%  2543 4056s
  3673   263    5.00000   39  751    6.00000    5.00000  16.7%  2544 4062s
  3675   269    5.00000   39  678    6.00000    5.00000  16.7%  2546 4077s
  3677   262    5.00000   40  641    6.00000    5.00000  16.7%  2549 4086s
  3681   270 infeasible   41         6.00000    5.00000  16.7%  2553 4112s
  3688   268    5.00000   41  645    6.00000    5.00000  16.7%  2558 4148s
  3701   273    5.00000   44  549    6.00000    5.00000  16.7%  2563 4229s
  3745   268 infeasible   53         6.00000    5.00000  16.7%  2580 4326s
  3812   246 infeasible   53         6.00000    5.00000  16.7%  2589 4418s
  3883   213    5.00000   42  654    6.00000    5.00000  16.7%  2617 4500s
  4002   201 infeasible   90         6.00000    5.00000  16.7%  2601 4557s
  4136   170 infeasible   93         6.00000    5.00000  16.7%  2573 4562s
  4178   137 infeasible  108         6.00000    5.00000  16.7%  2562 4606s
  4239   104    5.00000   55  484    6.00000    5.00000  16.7%  2572 4655s
  4312    78    5.00000   38  640    6.00000    5.00000  16.7%  2574 4710s
  4393    50    5.00000   38  624    6.00000    5.00000  16.7%  2570 4766s
  4478    33    5.00000   49  648    6.00000    5.00000  16.7%  2569 4815s
  4649    72    5.00000   52  700    6.00000    5.00000  16.7%  2521 4844s
  4753    76 infeasible   78         6.00000    5.00000  16.7%  2490 4867s
  4859    42 infeasible   58         6.00000    5.00000  16.7%  2461 4907s
  5014    52 infeasible   97         6.00000    5.00000  16.7%  2423 4914s
  5057    36 infeasible   73         6.00000    5.00000  16.7%  2410 4953s
  5202    69 infeasible   56         6.00000    5.00000  16.7%  2382 4959s
  5257    30 infeasible   58         6.00000    5.00000  16.7%  2367 4980s
  5335    13 infeasible   63         6.00000    5.00000  16.7%  2349 5017s
  5498    34    5.00000   52  657    6.00000    5.00000  16.7%  2315 5053s
  5623    68 infeasible   80         6.00000    5.00000  16.7%  2284 5078s
  5697    40 infeasible  115         6.00000    5.00000  16.7%  2278 5094s
  5778    11 infeasible  118         6.00000    5.00000  16.7%  2267 5133s
  5968    34 infeasible   66         6.00000    5.00000  16.7%  2233 5140s
  6032    13 infeasible   55         6.00000    5.00000  16.7%  2219 5181s
  6192    38    5.00000   43  615    6.00000    5.00000  16.7%  2193 5189s
  6305    38 infeasible   90         6.00000    5.00000  16.7%  2168 5223s
  6403    26 infeasible   79         6.00000    5.00000  16.7%  2151 5236s
  6465    11 infeasible   66         6.00000    5.00000  16.7%  2141 5276s
  6608    33    5.00000   75  537    6.00000    5.00000  16.7%  2122 5294s
  6725    48 infeasible   66         6.00000    5.00000  16.7%  2105 5321s
  6810    37 infeasible   82         6.00000    5.00000  16.7%  2093 5346s
  6905    20 infeasible   69         6.00000    5.00000  16.7%  2082 5366s
  6988     9 infeasible   89         6.00000    5.00000  16.7%  2069 5389s
  7120    15 infeasible   53         6.00000    5.00000  16.7%  2051 5398s
  7204    11 infeasible   63         6.00000    5.00000  16.7%  2036 5437s
  7363    70    5.00000   39  750    6.00000    5.00000  16.7%  2020 5457s
  7490    69 infeasible   67         6.00000    5.00000  16.7%  2007 5467s
  7547    28 infeasible   67         6.00000    5.00000  16.7%  2000 5502s
  7663    32 infeasible   54         6.00000    5.00000  16.7%  1991 5505s
  7705    12 infeasible   72         6.00000    5.00000  16.7%  1986 5547s
  7896    43    5.00000   46  607    6.00000    5.00000  16.7%  1970 5555s
  7968    19 infeasible   57         6.00000    5.00000  16.7%  1959 5579s
  8054     0 infeasible   60         6.00000    5.00000  16.7%  1953 5610s
  8147     0 infeasible   66         6.00000    5.00000  16.7%  1948 5621s
  8230     0 infeasible   69         6.00000    5.00000  16.7%  1939 5638s

Cutting planes:
  Clique: 156
  Zero half: 10

Explored 8277 nodes (20958593 simplex iterations) in 5638.77 seconds
Thread count was 4 (of 4 available processors)

Solution count 5: 6 7 8 ... 11

Optimal solution found (tolerance 1.00e-04)
Best objective 6.000000000000e+00, best bound 6.000000000000e+00, gap 0.0000%

Wrote result file 'problem.sol'

